[    .00000] niiaizin coup susycpuset
[    0000000] Initializing cgou subsys cpu
[    0.000000] Initializing cgroup subsys cpuacct
[    0.000000] Linux version 4.4.0-59-generic(bld@lgw0137(gcc vesi 5.40 16609 Ubtu 5.40-butu1~164.) ) #8-Untu MPri Jn 6 7:6:4 TC 2017 (Ubutu.4.0-59.80-genri4.4.35
   0.0000 KERNEL upored cpus:
[   0.0000] InteGeuieItel
[   0.00000  MD AuthetiMD
[    0.00000]  C Geodey SC
  0.00000]  rix riInted
[   000000]   Cntr enuruls   00000   Tnseta nuneTMx86
[    0.000000]   Trnsta TanmeaCPU
[   0.0000]   C MCUM U
[   0.000000] x86/fpu: xstate_offset[2]:  576, xstate_sizes[2]:  256
[    0.000000] x86/fpu: Supporting XSAVE feature 0x01: 'x87 floating point registers'
[    0.000000] x86/fpu: Supporting XSAVE feature 0x02: 'SSE registers'
[    0.000000] x86/fpu: Supporting XSAVE feature 0x04: 'AVX registers'
[    0.000000] x86/fpu: Enabled xstate features 0x7, context size is 832 bytes, using 'standard' format.
[    0.000000] x86/fpu: Usi 'la' PUontxt swich.
[  000000] e82 BIOS-povedphysicalRAmap:
  0.0000 BIO-e20 [mem x000000000000x0000009fff] sae
[  000000 BIOS-e820:[mem 00000000000c0-0x000000009ff resrv
[    00000 BIOS-e82: mem x00000000f00-0x00000000ffffreerve
   0.0000 BIOS-e820: [mem 0x00000000010000x000003ffeff usable[  000000] BIOSe820: mem 0x000000003fff0000-0x000000003fffffff] ACPI daa[   0.0000] IOe820 [em 0x0000000ff000-0x000000ffffffreseve
[    00000] NX (xeutDible) protetin: actve
[   00000SMOS 25 esnt.
[   .0000]Hyprvor dteted:KVM
[  0000000 e20: laspf =0x3fff0 axar_pfn 0100000[   0.0000] TR Disbl
[  00000 x//PATMTRs isbld, skipping AT intializatin o.
[  000000]86/PAT: nfguration [-7]: WBWT UC- C B WT  C-UC 
[  00000 CPU MTR al blnk viraled system.
[    0.000000] found P MP-talet [mem0x09ff-00009fff]apped t 009ff0
[    00000] Scain 1 areas folow memoy orrption
[    0.000000] RAMDISK: [mem 0x36b6a000-0x375acfff]
[    0.000000] ACPI: Early table checksum verification disabled
[   0.0000] CP RSD 0000000000000 00024v02 VBX 
[   0.0000] CP XSD 00000003F0030003C (v1 BO   VBOXS 0000001AS  00001)
[  0000000] CPI: FCP 0000003F0F00000F4 (v4 BOX  VBXFCP 0000 A  000006
[  000000] ACPI: DSDT 0x0000003FFF0470 002118 01VBX VBOXBIOS 00002 IL 0100528
[  0.000000] ACI:ACS 0x00000003FF00 000040
[    .00000 API: FS x000003FF00 00000[    00000 ACPI:AP 0x000003FFF02 000 (02 VX  VBOAPC 0000001 AS  00000)
[  .00000] CP SDT 00000003FFF0A0001CC (1 BOX  VXCPU 00002 INTL 2010528)
[    0.0000] 31MB IGHMEavlabl
   00000 81MLOMEM aville
  0.00000]  mped lw m: 0  3bf000
[    .0000]  ow rm:0 - 37e0

[   00000] km-oc: Usg srs b5d01 and 45600
[   0.0000] vmcloc: cpu 0,ms 07bfd1,prmary cpu cloc
   000000]kvm-clock: uin shed ofse o 30555517 cyes
[  000000] loksource: kvm-clock: mask: 0xffffffffffffffff max_cycles: 0x1cd42e4dffb, max_idle_s:81590548 ns[   0.000] Zneange
    0.000]  DM     [mm 00000000001000-0x0000000000ffff]
[    0.000000]   Normal   [mem 0x00000000100000x0000037bfdff]
[   000000  ighem [em 00000000037bfe000-0x000003ffff]
[    00000] Movable zonestrtfor each node
[    0.000000] Early memory node ranges
[    0.000000]   node   0: [mem 0x0000000000001000-0x000000000009efff]
[    0.000000]   node   0: [mem 0x00000000100000-00000003ffff]
  0.000000] niem seupode 0 [emx0000000001000-0x00000003ffeffff]
    .000000] Usin API diverdefalt
[   0.00000] ACPI: PM-TimeIO Prt: x48
[  000000IOPIC[0 aic_id, ersn 7, are 0xfc000, GSI 023
[  000000 API: NTRC_OV (s 0 bus_irq 0 global_i 2dfl d)
[    0.0000] CPI: INT_SC_R (bus bu_irq 9 gloalrq 9 hig lel)[   0.0000 Using APIMADT)orSMP confgutioninrmaton
[  .000] smbot:Alloin2 CPUs 0otpl CUs[    00000] M: Reisered nosvememor: em 0x0000000x0000ff]
[   0.0000] PM: egtered ose meor [mem 000f000x009fff][   0.0000 P Regteed nosave memry [m x00a00-0x00effff]
    0.00000 P: Reiserd noavmemor [em x0f0000-000ffff]
[    0.000000] e820: [mem 0x40000000-0xfffbffff] available for PCI devices
[    00000] oong prartualid ernel on KVM
[    0.000000] clocksource: refined-jiffies: mask: 0xffffffff max_cycles: 0xffffffff, max_idle_ns: 7645519600211568 ns
  0.000]setup_eru: NR_PU8 nrcpask_ts nr_cpu_ds nr_node_i:1
    0.0000] PERCU:Embeddd 19 pages/cpu f70000 s443r0 d3038 u7824[    00000] PV splockha tablenries:12(ordr:, 4096 bytes)
[   .00000 Bilt zoelstin Znerder, oblity groupngn.  otapages:25800
[   .00000 Kerelcomma lne: OTIMAGE=bo/vmlinuz-4.40--geric root=BEL=oumg-rtf r cso=tty csoe=ttyS
[   0.000000 P hsh table entrie: 496orde 2 1634 tes)
  0.00000 Denty cache hash taleenries 1072 (orer 7 52488ytes
   0.000] Inod-che has tle etrs: 655 (rder 626214 tes)
[    0.00000] niiaizin C#0
  0.00000]nitilizig ighMefo nde0 00037be:00ff0)[   00000 Itialzig ovableornode0 000000000000
[    0.0000 Memory:102488K/0420K available 7914kenel de765K rwdat, 48K rodata 944K int,800Kbs 3563K servd,0Kma-rered, 512K highm)
[    000000]viual kene mmorylaut:[   0.0000]    fixma   0xf1500 0fffff00  (93 k)[  0.00000    km   :xfc0000 - 0xffe00000   (2048 kB)
[    0.00000]     valloc : 0xf83fe000 - 0xffbfe00  ( 20 MB)
   0.00000    lme  : 0x00000 - 0xbf00  ( 91 MB)
   0.00000]     in :0xc1100 - xcc7000   ( 44B)
  0.0000      da : 0xc17ac - 0c1f400  (31 kB
   0.000000]       .text: c10000 -0x17cfb   79 kB)[    0.000] Cheki if hiprocss honous e WPbievenn uprvor mode..Ok
    0.00000] LUB: Halgn64 Orde0-, MObects0,PUs=, Nodes=
[   0.000000] Herchicl U imlentation.[   0.000] 	ui-time ajumentoflef fautto 32.
  0.000000 	CU rsticing Usrom _CS=8 tor_pu_i=2
[   0.0000]CU: Adjustig geometr f rcu_fano_leaf=32,nrcp_is=2[    0.0000 NR_IRS:04 n_is:440 
   00000] nsle: coou VGA+ 8025
[   0.000]cosoe tt] nabld    .0000]coole ttS0 enabed
[  0.0000] llocaed 10457 btes f ge_et[    0.000000] tsc: Detected 1995.381 MHz processor
[   29.208295] Calibrating delay loop (skipped) preset value.. 3990.76 BogoMIPS (lpj=7981524)
[   29.333805] pid_max: default: 32768 minimum: 301
[   29.424310] ACPI: Core revision 20150930
[   29.431439] ACPI: 2 ACPI AML tables successfully acquired and loaded
[   29.432784] Security Framework initialized
[   29.433662] Yama: becoming mindful.
[   29.434445] AppArmor: AppArmor initialized
[   29.435328] Mount-cache hash table entries: 2048 (order: 1, 8192 bytes)
[   29.436605] Mountpoint-cache hash table entries: 2048 (order: 1, 8192 bytes)
[   29.439205] Initializing cgroup subsys io
[   29.441234] Initializing cgroup subsys memory
[   29.442169] Initializing cgroup subsys devices
[   29.443084] Initializing cgroup subsys freezer
[   29.443992] Initializing cgroup subsys net_cls
[   29.491457] Initializing cgroup subsys perf_event
[   29.561450] Initializing cgroup subsys net_prio
[   29.624269] Initializing cgroup subsys hugetlb
[   29.630982] Initializing cgroup subsys pids
[   29.631942] CPU: Physical Processor ID: 0
[   29.632830] CPU: Processor Core ID: 0
[   29.639947] mce: CPU supports 0 MCE banks
[   29.690741] Last level iTLB entries: 4KB 1024, 2MB 1024, 4MB 1024
[   29.798341] Last level dTLB entries: 4KB 1024, 2MB 1024, 4MB 1024, 1GB 4
[   29.935487] Freeing SMP alternatives memory: 28K (c1c7d000 - c1c84000)
[   30.046335] ftrace: allocating 31349 entries in 62 pages
[   30.150242] smpboot: APIC(0) Converting physical 0 to logical package 0
[   30.297702] smpboot: Max logical packages: 1
[   30.380066] Enabling APIC mode:  Flat.  Using 1 I/O APICs
[   30.408550] ..TIMER: vector=0x30 apic1=0 pin1=2 apic2=-1 pin2=-1
[   30.518261] smpboot: CPU0: Intel(R) Core(TM) i7-4750HQ CPU @ 2.00GHz (family: 0x6, model: 0x46, stepping: 0x1)
[   30.689501] Performance Events: unsupported p6 CPU model 70 no PMU driver, software events only.
[   30.869182] KVM setup paravirtual spinlock
[   30.965018] x86: Booting SMP configuration:
[   31.033389] .... node  #0, CPUs:      #1
[1266874886.653976] Initializing CPU#1
[   31.132884] kvm-clock: cpu 1, msr 0:37bfd041, secondary cpu clock
[   31.177350] mce: CPU supports 0 MCE banks
[   31.246009] x86: Booted up 1 node, 2 CPUs
[   31.350494] smpboot: Total of 2 processors activated (7981.52 BogoMIPS)
[   31.506888] devtmpfs: initialized
[   31.578094] evm: security.selinux
[   31.620449] evm: security.SMACK64
[   31.668412] evm: security.SMACK64EXEC
[   31.749953] evm: security.SMACK64TRANSMUTE
[   31.840493] evm: security.SMACK64MMAP
[   31.854670] evm: security.ima
[   31.855411] evm: security.capability
[   31.856593] clocksource: jiffies: mask: 0xffffffff max_cycles: 0xffffffff, max_idle_ns: 7645041785100000 ns
[   31.858671] pinctrl core: initialized pinctrl subsystem
[   31.931175] RTC time: 16:46:16, date: 02/26/17
[   32.007839] NET: Registered protocol family 16
[   32.063546] EISA bus registered
[   32.073096] cpuidle: using governor ladder
[   32.136414] cpuidle: using governor menu
[   32.202129] PCCT header not found.
[   32.237175] ACPI: bus type PCI registered
[   32.254665] acpiphp: ACPI Hot Plug PCI Controller Driver version: 0.5
[   32.288651] PCI : PCI BIOS area is rw and x. Use pci=nobios if you want it NX.
[   32.334037] PCI: PCI BIOS revision 2.10 entry at 0xfda26, last bus=0
[   32.391633] PCI: Using configuration type 1 for base access
[   32.521252] ACPI: Added _OSI(Module Device)
[   32.536562] ACPI: Added _OSI(Processor Device)
[   32.537931] ACPI: Added _OSI(3.0 _SCP Extensions)
[   32.550572] ACPI: Added _OSI(Processor Aggregator Device)
[   32.622992] ACPI: Executed 1 blocks of module-level executable AML code
[   32.626168] ACPI: Interpreter enabled
[   32.626971] ACPI: (supports S0 S5)
[   32.627722] ACPI: Using IOAPIC for interrupt routing
[   32.631243] PCI: Using host bridge windows from ACPI; if necessary, use "pci=nocrs" and report a bug
[   32.654377] ACPI: PCI Root Bridge [PCI0] (domain 0000 [bus 00-ff])
[   32.744142] acpi PNP0A03:00: _OSC: OS supports [ASPM ClockPM Segments MSI]
[   32.825269] acpi PNP0A03:00: _OSC failed (AE_NOT_FOUND); disabling ASPM
[   32.907568] acpi PNP0A03:00: fail to add MMCONFIG information, can't access extended PCI configuration space under this bridge.
[   33.094212] PCI host bridge to bus 0000:00
[   33.155954] pci_bus 0000:00: root bus resource [io  0x0000-0x0cf7 window]
[   33.256135] pci_bus 0000:00: root bus resource [io  0x0d00-0xffff window]
[   33.264590] pci_bus 0000:00: root bus resource [mem 0x000a0000-0x000bffff window]
[   33.278861] pci_bus 0000:00: root bus resource [mem 0x40000000-0xffdfffff window]
[   33.363004] pci_bus 0000:00: root bus resource [bus 00-ff]
[   33.432122] pci 0000:00:01.1: legacy IDE quirk: reg 0x10: [io  0x01f0-0x01f7]
[   33.549090] pci 0000:00:01.1: legacy IDE quirk: reg 0x14: [io  0x03f6]
[   33.664189] pci 0000:00:01.1: legacy IDE quirk: reg 0x18: [io  0x0170-0x0177]
[   33.782034] pci 0000:00:01.1: legacy IDE quirk: reg 0x1c: [io  0x0376]
[   33.841480] ACPI: PCI Interrupt Link [LNKA] (IRQs 5 9 10 11) *0, disabled.
[   33.946652] ACPI: PCI Interrupt Link [LNKB] (IRQs 5 9 10 *11)
[   34.039376] ACPI: PCI Interrupt Link [LNKC] (IRQs 5 9 *10 11)
[   34.112026] ACPI: PCI Interrupt Link [LNKD] (IRQs 5 *9 10 11)
[   34.189600] ACPI: Enabled 2 GPEs in block 00 to 07
[   34.257967] vgaarb: setting as boot device: PCI:0000:00:02.0
[   34.336303] vgaarb: device added: PCI:0000:00:02.0,decodes=io+mem,owns=io+mem,locks=none
[   34.424757] vgaarb: loaded
[   34.439598] vgaarb: bridge control possible 0000:00:02.0
[   34.460686] SCSI subsystem initialized
[   34.491273] ACPI: bus type USB registered
[   34.555554] usbcore: registered new interface driver usbfs
[   34.675044] usbcore: registered new interface driver hub
[   34.771485] usbcore: registered new device driver usb
[   34.853801] PCI: Using ACPI for IRQ routing
[   34.906561] NetLabel: Initializing
[   34.965691] NetLabel:  domain hash size = 128
[   35.048167] NetLabel:  protocols = UNLABELED CIPSOv4
[   35.157740] NetLabel:  unlabeled traffic allowed by default
[   35.255994] amd_nb: Cannot enumerate AMD northbridges
[   35.338259] clocksource: Switched to clocksource kvm-clock
[   .415] pAmo AArr lesytem nabld[ 35867]npPnAC it  6.51] np P AI:ou 3devies[  30150PnIO Dabd y PINP
[   .6863] loksur: pipm: sk0xff mx_cls:xfff, x_idle_n 20857014 
  8.777]ETRegistre potocol family 2

[   38.9691 T estabisd hh blenie 892(oer: 3, 32768 yts)
[   9.87] P ndhash tble etries: 19 (rd: , 553bys)[ 403234TC Hh bl cfire(etalihe81 bnd19
[   43286 U hh bl eries: 512 orr:, 38 btes)[  49660 U-Ltehah blenie: 2 orer 216384bys)
[  47204NET: Registered protocl amly1
[  41026] i 000:0.0: Limitig ret I/I ransfers
[ 439659pc0000001. Atiti I D hg rkronds
[  444742Trngtonpk ot iage ainramf..

[   46.899363] Freeing initrd memory: 10508K (f6b6a000 - f75ad000)
[   47.009309] platform rtc_cmos: registered platform RTC device (no PNP device found)
[   47.095879] Scanning for low memory corruption every 60 seconds
[   47.207774] futex hash table entries: 512 (order: 3, 32768 bytes)
[   47.307179] audit: initializing netlink subsys (disabled)
[   47.308375] audit: type=2000 audit(1488127562.261:1): initialized
[   47.342775] Initialise system trusted keyring
[   47.427453] HugeTLB registered 2 MB page size, pre-allocated 0 pages
[   47.58046]bu laded
[   4.7261VF Dsk qta duot_6.6.0
[   48.040992] tsc: Refined TSC clocksource calibration: 1994.492 MHz
[   48.042147] clocksource: tsc: mask: 0xffffffffffffffff max_cycles: 0x397fb650c66, max_idle_ns: 881590646133 ns

[   48.044140] VFS: Dquot-cache hash table entries: 1024 (order 0, 4096 bytes)
[   48.045575] squashfs: version 4.0 (2009/01/31) Phillip Logh
[ 48302] fseni(AI rsn 23

[ 486409Kety bigkereistered
[   49.052227] Allocating IMA MOK and blacklist keyrings.
[   49.134946] Key type asymmetric registered
[   49.206690] Asymmetric key parser 'x509' registered
[   49.304100] bounce: pool size: 64 pages
[   49.368372] Block layer SCSI generic (bsg) driver version 0.4 loaded (major 249)
[   49.471201] io scheduler noop registered
[   49.541970] io scheduler deadline registered (default)
[   49.604292] io scheduler cfq registered
[   496707pcholu: PCI HotPlug CI Coe version: 05[ 50951]cip:CIxpess t luCoroerrir eron 0.4
[   50.9173] ACPI: ACdaerAC(o-le)
[   51829]npt:ow BtoasdeceLNSYSTM:00LNPWRBN:00/ipuint0
[   52.184777 APIPor utton [PWRF]
[   52.354686] input: Sleep utn  /vis/XSSTM:0/NXPB00int/nput

[   52990909 AI:le Bton [SLPF]

[   53.266616]GHS:ESisotnaed

[   53.267924] AI:atrylo[BT0] (bater pesent)
[   54.043605] isapnp: Scanning for PnP cards...
[   54.134909] Serial: 8250/16550 driver, 32 ports, IRQ sharing enabled
[   54.167655] 00:02: ttyS0 at I/O 0x3f8 (irq = 4, base_baud = 115200) is a 16550A
[   54.335385] Linux agpgart interface v0.103
[   54.353441] brd: module loaded
[   54.359250] loop: module loaded
[   54.374610] scsi host0: ata_piix
[   54.389901] scsi host1: ata_piix
[   54.424448] ata1: PATA max UDMA/33 cmd 0x1f0 ctl 03fbma d0 i 1
[   54.488786] isapnp: No Plug & Play devie un

[   54.1675] ta2:PA m UMA3 d 17ct0x376 bdma 0xd00 iq 
[   55998liphy FxeMD Bus: rod
[   56.038304] tun: Universal TUN/TAP device driver, 1.6
[   6.41] n: ( 19900MaKrsnankyma@qlcm.m>
[   56882759 P gneric driver version.4
[   57.204878] ehci_hcd: USB 2.0 'Enhanced' Host Controller (EHCI) Driver
[   57.312236] ehci-pci: EHCI PCI platform driver
[   57.382934] ehci-platform: EHCI generic platform driver
[   57.460454] ohci_hcd: USB 1.1 'Open' Host Controller (OHCI) Driver
[   57.461588] ohci-pci: OHCI PCI platform driver
[   57.462497] ohci-platform: OHCI generic platform driver
[   57.532199] uhci_hcd: USB Universal Host Controller Interface driver
[   57.636529] i8042: PNP: PS/2 Controller [PNP0303:PS2K,PNP0f03:PS2M] at 0x60,0x64 irq 1,12
[   57.69582seo:80 KBD or a 0x60,0x64 ir 1[ 581172] serio: 04AUpo at 00,64rq2
[  58.7751]mosev:PS2 mouse evice como for almi
[   59.152339] input: AT Translated Set 2 keyboard as /devices/platform/i8042/serio0/input/input2
[   59.188197] rtc_cmos rtc_cmos: rtc core: registered rtc_cmos as rtc0
[   59.325769] rtc_cmos rtc_cmos: alarms up to one day, 114 bytes nvram
[   59.490025] i2c /dev entrie  driver
[   59.616972] device-mapper: uevent: version 1.0.3
[   59.747023] device-mapper: ioctl: 4.34.0-ioctl (2015-10-28) initialised: dm-devel@redhat.com
[   59.846728] platform eisa.0: Probing EISA bus 0
[   59.873859] platform eisa.0: EISA: Cannot allocate resource for mainboard
[   59.915104] platform eisa.0: Cannot allocate resource for EISA slot 1
[   60.062008] platform eisa.0: Cannot allocate resource for EISA slot 2
[   60.092714] platform eisa.0: Cannot allocate resource for EISA slot 3
[   60.093943] platform eisa.0: Cannot allocate resource for EISA slot 4
[   60.095162] platform eisa.0: Cannot allocate resource for EISA slot 5
[   60.096345] platform eisa.0: Cannot allocate resource for EISA slot 6
[   60.097525] platform eisa.0: Cannot allocate resource for EISA slot 7
[   60.234079] platform eisa.0: Cannot allocate resource for EISA slot 8
[   60.361976] platform eisa.0: EISA: Detected 0 cards
[   60.459350] cpufreq-nforce2: No nForce2 chipset.
[   60.531528] ledtrig-cpu: registered to indicate activity on CPUs
[   60.662560] NET: Registered protocol family 10
[   60.756276] NET: Registered protocol family 17
[   60.892334] Key type dns_resolver registered
[   60.938427] microcode: CPU0 sig=0x40661, pf=0x40, revision=0x0
[   60.959019] microcode: CPU1 sig=0x40661, pf=0x40, revision=0x0
[   60.980298] microcode: Microcode Update Driver: v2.01 <tigran@aivazian.fsnet.co.uk>, Peter Oruba
[   61.114799] Using IPI No-Shortcut mode
[   61.222928] registered taskstats version 1
[   61.342180] Loading compiled-in X.509 certificates
[   61.484166] Loaded X.509 cert 'Build time autogenerated kernel key: 5abddad4aa185bb4ac78f1f130c188cbdfc4c5fc'
[   61.702027] zswap: loaded using pool lzo/zbud
[   61.763857] Key type trusted registered
[   61.867133] Key type encrypted registered
[   61.958529] AppArmor: AppArmor sha1 policy hashing enabled
[   62.034488] ima: No TPM chip found, activating TPM-bypass!
[   62.053537] evm: HMAC attrs: 0x1
[   62.057357]   Magic number: 5:861:793
[   62.066589] rtc_cmos rtc_cmos: setting system clock to 2017-02-26 16:46:47 UTC (1488127607)
[   62.242314] BIOS EDD facility v0.16 2004-Jun-25, 0 devices found
[   62.411989] EDD information not available.
[   62.420988] Freeing unused kernel memory: 944K (c1b91000 - c1c7d000)
[   62.490250] Write protecting the kernel text: 7916k
[   62.634174] Write protecting the kernel read-only data: 3156k
[   62.770975] NX-protecting the kernel data: 6420k
Loading, please wait...
[   62.895655] random: systemd-udevd: uninitialized urandom read (16 bytes read, 2 bits of entropy available)
starting version[   62.896172] random: udevadm: uninitialized urandom read (16 bytes read, 2 bits of entropy available)
 229
[   62.896215] random: udevadm: uninitialized urandom read (16 bytes read, 2 bits of entropy available)
[   62.896346] random: udevadm: uninitialized urandom read (16 bytes read, 2 bits of entropy available)
[   62.896399] random: udevadm: uninitialized urandom read (16 bytes read, 2 bits of entropy available)
[   62.896439] random: udevadm: uninitialized urandom read (16 bytes read, 2 bits of entropy available)
[   62.896484] random: udevadm: uninitialized urandom read (16 bytes read, 2 bits of entropy available)
[   62.896527] random: udevadm: uninitialized urandom read (16 bytes read, 2 bits of entropy available)
[   62.896566] random: udevadm: uninitialized urandom read (16 bytes read, 2 bits of entropy available)
[   62.896606] random: udevadm: uninitialized urandom read (16 bytes read, 2 bits of entropy available)
[   64.499365] Fusion MPT base driver 3.04.20
[   64.594855] Copyright (c) 1999-2008 LSI Corporation
[   64.663596] e1000: Intel(R) PRO/1000 Network Driver - version 7.3.21-k8-NAPI
[   64.712076] e1000: Copyright (c) 1999-2006 Intel Corporation.
[   64.854146] Fusion MPT SPI Host driver 3.04.20
[   64.917112] input: ImExPS/2 Generic Explorer Mouse as /devices/platform/i8042/serio1/input/input4
[   65.244802] e1000 0000:00:03.0 eth0: (PCI:33MHz:32-bit) 02:ba:9d:25:04:86
[   65.330833] e1000 0000:00:03.0 eth0: Intel(R) PRO/1000 Network Connection
[   65.385927] mptbase: ioc0: Initiating bringup
[   65.387230] e1000 0000:00:03.0 enp0s3: renamed from eth0
[   65.905341] ioc0: LSI53C1030 A0: Capabilities={Initiator}
[   66.894085] scsi host2: ioc0: LSI53C1030 A0, FwRev=00000000h, Ports=1, MaxQ=256, IRQ=20
[   68.508809] floppy0: no floppy controllers found
[   68.632010] scsi 2:0:0:0: Direct-Access     VBOX     HARDDISK         1.0  PQ: 0 ANSI: 5
[   68.632014] scsi target2:0:0: Beginning Domain Validation
[   68.633486] scsi target2:0:0: Domain Validation skipping write tests
[   68.633487] scsi target2:0:0: Ending Domain Validation
[   68.633530] scsi target2:0:0: asynchronous
[   68.633814] scsi 2:0:1:0: Direct-Access     VBOX     HARDDISK         1.0  PQ: 0 ANSI: 5
[   68.633817] scsi target2:0:1: Beginning Domain Validation
[   68.634620] scsi target2:0:1: Domain Validation skipping write tests
[   68.634621] scsi target2:0:1: Ending Domain Validation
[   68.634663] scsi target2:0:1: asynchronous
[   69.763643] sd 2:0:0:0: Attached scsi generic sg0 type 0
[   69.804489] sd 2:0:0:0: [sda] 20971520 512-byte logical blocks: (10.7 GB/10.0 GiB)
[   69.933757] sd 2:0:1:0: [sdb] 20480 512-byte logical blocks: (10.5 MB/10.0 MiB)
[   70.035647] sd 2:0:1:0: Attached scsi generic sg1 type 0
[   70.035795] sd 2:0:0:0: [sda] Write Protect is off
[   70.188360] sd 2:0:0:0: [sda] Incomplete mode parameter data
[   70.276040] sd 2:0:0:0: [sda] Assuming drive cache: write through
[   70.278723] sd 2:0:1:0: [sdb] Write Protect is off
[   70.278883] sd 2:0:1:0: [sdb] Incomplete mode parameter data
[   70.278884] sd 2:0:1:0: [sdb] Assuming drive cache: write through
[   70.353755]  sda: sda1
[   70.354191] sd 2:0:1:0: [sdb] Attached SCSI disk
[   70.477629] sd 2:0:0:0: [sda] Attached SCSI disk
Begin: Loading e[   72.099713] md: linear personality registered for level -1
ssential drivers ... [   72.313837] md: multipath personality registered for level -4
[   72.423848] md: raid0 personality registered for level 0
[   72.475151] md: raid1 personality registered for level 1
[   72.646492] raid6: mmxx1    gen()  5581 MB/s
[   72.826341] raid6: mmxx2    gen()  6057 MB/s
[   72.950497] raid6: sse1x1   gen()  4165 MB/s
[   73.114340] raid6: sse1x2   gen()  5226 MB/s
[   73.246499] raid6: sse2x1   gen()  9194 MB/s
[   73.386376] raid6: sse2x1   xor()  6356 MB/s
[   73.470322] raid6: sse2x2   gen()  9969 MB/s
[   73.574359] raid6: sse2x2   xor()  7526 MB/s
[   73.653342] raid6: using algorithm sse2x2 gen() 9969 MB/s
[   73.654386] raid6: .... xor() 7526 MB/s, rmw enabled
[   73.655389] raid6: using ssse3x1 recovery algorithm
[   73.659858] xor: automatically using best checksumming function:
[   73.842313]    avx       : 21756.000 MB/sec
[   73.874387] async_tx: api initialized (async)
[   73.960210] md: raid6 personality registered for level 6
[   74.058974] md: raid5 personality registered for level 5
[   74.157584] md: raid4 personality registered for level 4
[   74.217718] md: raid10 personality registered for level 10
done.
Begin: Running /scripts/init-premount ... done.
Begin: Mounting root file sys[   74.316498] Btrfs loaded
tem ... Begin: Running /scripts/local-top ... done.
Begin: Running /scripts/local-premount ... Scanning for Btrfs filesystems
done.
Warning: fsck no[   74.453751] EXT4-fs (sda1): mounted filesystem with ordered data mode. Opts: (null)
t present, so skipping root file system
done.
Begin: Running /scripts/local-bottom ... done.
Begin: Running /scripts/init-bottom ... done.
[   74.768471] systemd[1]: systemd 229 running in system mode. (+PAM +AUDIT +SELINUX +IMA +APPARMOR +SMACK +SYSVINIT +UTMP +LIBCRYPTSETUP +GCRYPT +GNUTLS +ACL +XZ -LZ4 +SECCOMP +BLKID +ELFUTILS +KMOD -IDN)
[   75.133100] systemd[1]: Detected virtualization oracle.
[   75.230937] systemd[1]: Detected architecture x86.

Welcome to [1mUbuntu 16.04.1 LTS[0m!

[   75.315235] systemd[1]: Set hostname to <ubuntu>.
[   75.366236] systemd[1]: Initializing machine ID from random generator.
[   75.367532] systemd[1]: Installed transient /etc/machine-id file.
[   75.462598] systemd[1]: Listening on Journal Audit Socket.
[[0;32m  OK  [0m] Listening on Journal Audit Socket.
[   75.650690] systemd[1]: Listening on LVM2 metadata daemon socket.
[[0;32m  OK  [0m] Listening on LVM2 metadata daemon socket.
[   75.755181] systemd[1]: Listening on udev Kernel Socket.
[[0;32m  OK  [0m] Listening on udev Kernel Socket.
[   75.818723] systemd[1]: Reached target User and Group Name Lookups.
[[0;32m  OK  [0m] Reached target User and Group Name Lookups.
[   75.964816] systemd[1]: Listening on Device-mapper event daemon FIFOs.
[[0;32m  OK  [0m] Listening on Device-mapper event daemon FIFOs.
[   76.095153] systemd[1]: Created slice System Slice.
[[0;32m  OK  [0m] Created slice System Slice.
[   76.256428] systemd[1]: Set up automount Arbitrary Executable File Formats File System Automount Point.
[[0;32m  OK  [0m] Set up automount Arbitrary Executab...ats File System Automount Point.
[   76.442482] systemd[1]: Reached target Encrypted Volumes.
[[0;32m  OK  [0m] Reached target Encrypted Volumes.
[   76.587608] systemd[1]: Listening on LVM2 poll daemon socket.
[[0;32m  OK  [0m] Listening on LVM2 poll daemon socket.
[   76.747680] systemd[1]: Created slice User and Session Slice.
[[0;32m  OK  [0m] Created slice User and Session Slice.
[   76.870812] systemd[1]: Started Forward Password Requests to Wall Directory Watch.
[[0;32m  OK  [0m] Started Forward Password Requests to Wall Directory Watch.
[   77.015097] systemd[1]: Created slice system-serial\x2dgetty.slice.
[[0;32m  OK  [0m] Created slice system-serial\x2dgetty.slice.
[   77.200736] systemd[1]: Listening on /dev/initctl Compatibility Named Pipe.
[[0;32m  OK  [0m] Listening on /dev/initctl Compatibility Named Pipe.
[   77.406768] systemd[1]: Reached target Swap.
[[0;32m  OK  [0m] Reached target Swap.
[   77.478634] systemd[1]: Listening on Journal Socket (/dev/log).
[[0;32m  OK  [0m] Listening on Journal Socket (/dev/log).
[   77.543434] systemd[1]: Listening on Journal Socket.
[[0;32m  OK  [0m] Listening on Journal Socket.
[   77.686693] systemd[1]: Starting Nameserver information manager...
         Starting Nameserver information manager...
[   77.819119] systemd[1]: Starting Set console keymap...
         Starting Set console keymap...
[   77.955077] systemd[1]: Mounting Debug File System...
         Mounting Debug File System...
[   78.123051] systemd[1]: Starting Load Kernel Modules...
[   782240Lodi iSIrapot la v0-0.
         Starting Load Kernel Modules...
[   78.833194] systemd[1]: Starting Uncomplicated firewall...
[   78.913862] random: nonblocking pool is initialized
         [   79.037679] iscsi: registered transport (tcp)
Starting Uncomplicated firewall...
[   79.193453] iscsi: registered transport (iser)
[   9.08] ysmd]:ouing HugePas ilSystem...
         Mounting Huge Pages File System...
[   79.910588] systemd[1]: Starting Create list of required static device nodes for the current kernel...
         Starting Create list of required st... nodes for the current kernel...
[   80.155295] systemd[1]: Starting Remount Root and Kernel File Systems...
         Starting Remount Root and Kernel File Systems...
[   80.218639] EXT4-fs (sda1): re-mounted. Opts: (null)
[   80.219152] systemd[1]: Starting Monitoring of LVM2 mirrors, snapshots etc. using dmeventd or progress polling...
         Starting Monitoring of LVM2 mirrors... dmeventd or progress polling...
[   80.483109] systemd[1]: Mounting POSIX Message Queue File System...
         Mounting POSIX Message Queue File System...
[   80.662589] systemd[1]: Reached target Slices.
[[0;32m  OK  [0m] Reached target Slices.
[   80.774613] systemd[1]: Listening on Syslog Socket.
[[0;32m  OK  [0m] Listening on Syslog Socket.
[   80.810912] systemd[1]: Starting Journal Service...
         Starting Journal Service...
[   80.951253] systemd[1]: Listening on udev Control Socket.
[[0;32m  OK  [0m] Listening on udev Control Socket.
[   81.059616] systemd[1]: Mounted Huge Pages File System.
[[0;32m  OK  [0m] Mounted Huge Pages File System.
[   81.226871] systemd[1]: Mounted POSIX Message Queue File System.
[[0;32m  OK  [0m] Mounted POSIX Message Queue File System.
[   81.326622] systemd[1]: Mounted Debug File System.
[[0;32m  OK  [0m] Mounted Debug File System.
[   81.467080] systemd[1]: Started Journal Service.
[[0;32m  OK  [0m] Started Journal Service.
[[0;32m  OK  [0m] Started Set console keymap.
[[0;32m  OK  [0m] Started Load Kernel Modules.
[[0;32m  OK  [0m] Started Uncomplicated firewall.
[[0;32m  OK  [0m] Started Create list of required sta...ce nodes for the current kernel.
[[0;32m  OK  [0m] Started Remount Root and Kernel File Systems.
[[0;32m  OK  [0m] Started Nameserver information manager.
[[0;32m  OK  [0m] Started LVM2 metadata daemon.
         Starting udev Coldplug all Devices...
         Starting Initial cloud-init job (pre-networking)...
         Starting Load/Save Random Seed...
         Starting Create Static Device Nodes in /dev...
         Starting Apply Kernel Variables...
         Mounting FUSE Control File System...
         Starting Flush Journal to Persistent Storage...
[[0;32m  OK  [0m] Mounted FUSE Control File System.
[[0;32m  OK  [0m] Started Load/Save Random Seed.
[[0;32m  OK  [0m] Started Create Static Device Nodes in /dev.
[[0;32m  OK  [0m] Started Apply Kernel Variables.
[[0;32m  OK  [0m] Started udev Coldplug all Devices.
[[0;32m  OK  [0m] Started Flush Journal to Persistent Storage.
         Starting udev Kernel Device Manager...
[[0;32m  OK  [0m] Started udev Kernel Device Manager.
[[0;32m  OK  [0m] Started Dispatch Password Requests to Console Directory Watch.
[[0;32m  OK  [0m] Started Monitoring of LVM2 mirrors,...ng dmeventd or progress polling.
[[0;32m  OK  [0m] Reached target Local File Systems (Pre).
[[0;32m  OK  [0m] Reached target Local File Systems.
         Starting Create Volatile Files and Directories...
         Starting LSB: AppArmor initialization...
         Starting Tell Plymouth To Write Out Runtime Data...
         Starting Set console font and keymap...
         Starting Commit a transient machine-id on disk...
[[0;32m  OK  [0m] Started Create Volatile Files and Directories.
[[0;32m  OK  [0m] Started Tell Plymouth To Write Out Runtime Data.
[   48.554273] cloud-init[470]: Cloud-init v. 0.7.8 running 'init-local' at Sun, 26 Feb 2017 16:47:08 +0000. Up 48.08 seconds.
[[0;32m  OK  [0m] Started Commit a transient machine-id on disk.
[[0;32m  OK  [0m] Started Initial cloud-init job (pre-networking).
[[0;32m  OK  [0m] Found device /dev/ttyS0.
[[0;32m  OK  [0m] Listening on Load/Save RF Kill Switch Status /dev/rfkill Watch.
[[0;32m  OK  [0m] Reached target Network (Pre).
[[0;32m  OK  [0m] Reached target System Time Synchronized.
         Starting Update UTMP about System Boot/Shutdown...
[[0;32m  OK  [0m] Started Set console font and keymap.
[[0;32m  OK  [0m] Created slice system-getty.slice.
[[0;32m  OK  [0m] Started Update UTMP about System Boot/Shutdown.
[[0;32m  OK  [0m] Started LSB: AppArmor initialization.
         Starting Raise network interfaces...
[[0;32m  OK  [0m] Started Raise network interfaces.
         Starting Initial cloud-init job (metadata service crawler)...
[[0;32m  OK  [0m] Reached target Network.
[   52.655293] cloud-init[1031]: Cloud-init v. 0.7.8 running 'init' at Sun, 26 Feb 2017 16:47:11 +0000. Up 51.58 seconds.
[   52.724428] cloud-init[1031]: ci-info: +++++++++++++++++++++++++++++++++++++Net device info+++++++++++++++++++++++++++++++++++++
[   52.772555] cloud-init[1031]: ci-info: +--------+------+---------------------------+---------------+-------+-------------------+
[   52.836360] cloud-init[1031]: ci-info: | Device |  Up  |          Address          |      Mask     | Scope |     Hw-Address    |
[   52.836796] cloud-init[1031]: ci-info: +--------+------+---------------------------+---------------+-------+-------------------+
[   52.836939] cloud-init[1031]: ci-info: |   lo   | True |         127.0.0.1         |   255.0.0.0   |   .   |         .         |
[   52.837041] cloud-init[1031]: ci-info: |   lo   | True |          ::1/128          |       .       |  host |         .         |
[   52.837184] cloud-init[1031]: ci-info: | enp0s3 | True |         10.0.2.15         | 255.255.255.0 |   .   | 02:ba:9d:25:04:86 |
[   52.837275] cloud-init[1031]: ci-info: | enp0s3 | True | fe80::ba:9dff:fe25:486/64 |       .       |  link | 02:ba:9d:25:04:86 |
[   52.837363] cloud-init[1031]: ci-info: +--------+------+---------------------------+---------------+-------+-------------------+
[   52.837448] cloud-init[1031]: ci-info: +++++++++++++++++++++++++++Route IPv4 info++++++++++++++++++++++++++++
[   52.837550] cloud-init[1031]: ci-info: +-------+-------------+----------+---------------+-----------+-------+
[   52.837707] cloud-init[1031]: ci-info: | Route | Destination | Gateway  |    Genmask    | Interface | Flags |
[   52.837804] cloud-init[1031]: ci-info: +-------+-------------+----------+---------------+-----------+-------+
[   52.837901] cloud-init[1031]: ci-info: |   0   |   0.0.0.0   | 10.0.2.2 |    0.0.0.0    |   enp0s3  |   UG  |
[   52.838004] cloud-init[1031]: ci-info: |   1   |   10.0.2.0  | 0.0.0.0  | 255.255.255.0 |   enp0s3  |   U   |
[   52.838114] cloud-init[1031]: ci-info: +-------+-------------+----------+---------------+-----------+-------+
[   52.838218] cloud-init[1031]: Generating public/private rsa key pair.
[   52.838330] cloud-init[1031]: Your identification has been saved in /etc/ssh/ssh_host_rsa_key.
[   52.838542] cloud-init[1031]: Your public key has been saved in /etc/ssh/ssh_host_rsa_key.pub.
[   52.838621] cloud-init[1031]: The key fingerprint is:
[   52.838693] cloud-init[1031]: SHA256:i7UQSkz3H5vAWA1CA2Odsue1kMgVI+wZ5kerhemVD18 root@ubuntu-xenial
[   52.838765] cloud-init[1031]: The key's randomart image is:
[   52.838836] cloud-init[1031]: +---[RSA 2048]----+
[   52.838917] cloud-init[1031]: |   .*+Booo       |
[   52.839029] cloud-init[1031]: |   +=+=O  .      |
[   52.839105] cloud-init[1031]: |   =o@o++ .      |
[   52.839199] cloud-init[1031]: |   .X.@..oE+     |
[   52.839274] cloud-init[1031]: |   ..B.*So+      |
[   52.839346] cloud-init[1031]: |    o .++o       |
[   52.839417] cloud-init[1031]: |      . o        |
[   52.839492] cloud-init[1031]: |                 |
[   52.839574] cloud-init[1031]: |                 |
[   52.839662] cloud-init[1031]: +----[SHA256]-----+
[   52.839739] cloud-init[1031]: Generating public/private dsa key pair.
[   52.839814] cloud-init[1031]: Your identification has been saved in /etc/ssh/ssh_host_dsa_key.
[   52.839889] cloud-init[1031]: Your public key has been saved in /etc/ssh/ssh_host_dsa_key.pub.
[   52.840036] cloud-init[1031]: The key fingerprint is:
[[0;32m  OK  [0m] Started Initial cloud-init job (metadata service crawler).
[[0;32m  OK  [0m] Reached target Cloud-config availability.
[[0;32m  OK  [0m] Reached target System Initialization.
[   52.840224] cloud-init[1031]: SHA256:hidcCmKtzWP9WP/uK+97dNUptFlUgAoMIfXbHuIemp4 root@ubuntu-xenial
[   55.502466] [cloud-init[0;32m  OK  [0m[1031]: ] The key's randomart image is:Started Daily Cleanup of Temporary Directories.

[[0;32m  OK  [0m] Listening on D-Bus System Message Bus Socket.
[   55.503182] cloud-init[1031]: +---[DSA 1024]----+
         Starting Socket activation for snappy daemon.
[[0;32m  OK  [0m] Started Trigger resolvconf update for networkd DNS.
[   55.573158] cloud-init[1031]: |    ..++     .ooo|
[   55.716863] cloud-init[1031]: |   . . .o   .. . |
         Starting LXD - unix socket.
[   55.717517] cloud-init[1031]: |  o o   o. .. + o|
[   55.804464] [cloud-init[0;32m  OK  [0m[1031]: ] | . = + + o.  + .o|Started ACPI Events Check.

[   55.804964] cloud-init[1031]: |  . = * S o   . .|
[[0;32m  OK  [0m] Reached target Paths.
[[0;32m  OK  [0m] Started Daily apt activities.
[[0;32m  OK  [0m] Listening on UUID daemon activation socket.
[   55.865195] cloud-init[1031]: |   . . O + .  . .|
[   55.992441] [cloud-init[0;32m  OK  [0m[1031]: ] |      . + o  . . |Listening on ACPID Listen Socket.

[[0;32m  OK  [0m] Started Timer to automatically refresh installed snaps.
[[0;32m  OK  [0m] Reached target Timers.
[   55.992862] cloud-init[1031]: |       = ...  .  |
[   56.112370] [cloud-init[0;32m  OK  [0m[1031]: ] |     .E .  *O+   |Reached target Network is Online.

[   56.113011] cloud-init[1031]: +----[SHA256]-----+
[   56.180470]          Starting iSCSI initiator daemon (iscsid)...
cloud-init[1031]: Generating public/private ecdsa key pair.
[   56.268455] [cloud-init[0;32m  OK  [0m[1031]: ] Your identification has been saved in /etc/ssh/ssh_host_ecdsa_key.Listening on Socket activation for snappy daemon.

[[0;32m  OK  [0m] Listening on LXD - unix socket.
[   56.269046] cloud-init[1031]: Your public key has been saved in /etc/ssh/ssh_host_ecdsa_key.pub.
[   56.416458] [cloud-init[0;32m  OK  [0m[1031]: ] The key fingerprint is:Started iSCSI initiator daemon (iscsid).

[   56.417038] cloud-init[1031]: SHA256:jQXZNRx1ouyAC1f4Bxj9orz5JgHiAXxEXilPfUrjm1A root@ubuntu-xenial
[   56.504549]          cloud-initStarting Login to default iSCSI targets...[1031]: 
The key's randomart image is:
[   56.576995] [cloud-init[0;32m  OK  [0m[1031]: ] +---[ECDSA 256]---+Reached target Sockets.

[   56.577542] cloud-init[1031]: | . oo .ooB.o+oo .|
[[0;32m  OK  [0m] Reached target Basic System.
[   56.618273] cloud-init[1031]: |  o.o.o E+=..o o |
[   56.688444] [cloud-init[0;32m  OK  [0m[1031]: ] |   o.+.+o=ooo    |Started ACPI event daemon.

[   56.689010] cloud-init[1031]: |    o +oo=ooo    |
[   56.752414]          cloud-initStarting LSB: MD monitoring daemon...[1031]: 
|   . o +S+.o.    |
[   56.787451] [cloud-init[0;32m  OK  [0m[1031]: ] |    .   *        |Started Snappy daemon.

[   56.787988] cloud-init[1031]: |         +       |
[   56.840387]          cloud-initStarting System Logging Service...[1031]: 
|        + .      |
[   56.861292] [cloud-init[0;32m  OK  [0m[1031]: ] |         +.      |Started D-Bus System Message Bus.

[   56.861960] cloud-init[1031]: +----[SHA256]-----+
[   56.972305]          cloud-initStarting /etc/rc.local Compatibility...[1031]: 
Generating public/private ed25519 key pair.
[   57.043973]          cloud-initStarting Login Service...[1031]: 
Your identification has been saved in /etc/ssh/ssh_host_ed25519_key.
[   57.128115]          cloud-initStarting LSB: Record successful boot for GRUB...[1031]: 
Your public key has been saved in /etc/ssh/ssh_host_ed25519_key.pub.
[   57.225986]          Starting Pollinate to seed the pseudo random number generator...
cloud-init[1031]: The key fingerprint is:
[   57.284824]          cloud-initStarting Accounts Service...[1031]: 
SHA256:W4sOdzTnVLVa15DPR5OlPdIsMDAw/8eVZ1hwTTt9VDQ root@ubuntu-xenial
[   57.364932]          cloud-initStarting Apply the settings specified in cloud-config...[1031]: 
The key's randomart image is:
[   57.448605] [cloud-init[0;32m  OK  [0m[1031]: ] +--[ED25519 256]--+Started FUSE filesystem for LXC.

[   57.520595] [cloud-init[0;32m  OK  [0m[1031]: ] |       o.o.o  oE#|Started Deferred execution scheduler.

[   57.521113] cloud-init[1031]: |        o . o +%X|
[   57.636373]          cloud-initStarting Auto import assertions from block devices...[1031]: 
|         .   o+#X|
[   57.665980]          cloud-initStarting LXD - container startup/shutdown...[1031]: 
|          . ..*.X|
[   57.704401] [cloud-init[0;32m  OK  [0m[1031]: ] |        S +.o+  .|Started Regular background program processing daemon.

[   57.705289] cloud-init[1031]: |         = *.    |
[[0;32m  OK  [0m] Started System Logging Service.
[[0;32m  OK  [0m] Started /etc/rc.local Compatibility.
[[0;32m  OK  [0m] Started Pollinate to seed the pseudo random number generator.
[[0;32m  OK  [0m] Started Auto import assertions from block devices.
[[0;32m  OK  [0m] Started LXD - container startup/shutdown.
[   57.791325] cloud-init[1031]: |      . + o .    |
[[0;32m  OK  [0m] Started Login to default iSCSI targets.
[   58.034780] cloud-init[1031]: |       + .       |
[   58.100662] cloud-init[1031]: |        .        |
[[0;32m  OK  [0m] Started LSB: MD monitoring daemon.
[   58.153120] cloud-init[1031]: +----[SHA256]-----+
[[0;32m  OK  [0m] Started LSB: Record successful boot for GRUB.
[   58.223950] cloud-init[1203]: Generating locales (this might take a while)...
[[0;32m  OK  [0m] Started Login Service.
         Starting Authenticate and Authorize Users to Run Privileged Tasks...
[[0;32m  OK  [0m] Reached target Remote File Systems (Pre).
[[0;32m  OK  [0m] Reached target Remote File Systems.
         Starting LSB: VirtualBox Linux Additions...
         Starting LSB: daemon to balance interrupts for SMP systems...
         Starting Permit User Sessions...
         Starting LSB: Set the CPU Frequency Scaling governor to "ondemand"...
         Starting LSB: automatic crash report generation...
         Starting OpenBSD Secure Shell server...
[[0;32m  OK  [0m] Started OpenBSD Secure Shell server.
[[0;32m  OK  [0m] Started Permit User Sessions.
[   58.708115] cloud-init[1203]:   en_US.UTF-8... done
[[0;32m  OK  [0m] Started Authenticate and Authorize Users to Run Privileged Tasks.
[   58.777704] cloud-init[1203]: Generation complete.
[[0;32m  OK  [0m] Started Accounts Service.
[[0;32m  OK  [0m] Started LSB: daemon to balance interrupts for SMP systems.
[[0;32m  OK  [0m] Started LSB: VirtualBox Linux Additions.
[[0;32m  OK  [0m] Started LSB: Set the CPU Frequency Scaling governor to "ondemand".
         Starting Hold until boot process finishes up...
         Starting Terminate Plymouth Boot Screen...
[[0;32m  OK  [0m] Started LSB: automatic crash report generation.
[[0;32m  OK  [0m] Started Hold until boot process finishes up.
[[0;32m  OK  [0m] Started Terminate Plymouth Boot Screen.
         Stopping OpenBSD Secure Shell server...
         Starting Set console scheme...
[[0;32m  OK  [0m] Started Serial Getty on ttyS0.
[[0;32m  OK  [0m] Started Getty on tty1.
[[0;32m  OK  [0m] Reached target Login Prompts.
[[0;32m  OK  [0m] Stopped OpenBSD Secure Shell server.
[[0;32m  OK  [0m] Started Set console scheme.
         Starting OpenBSD Secure Shell server...
[[0;32m  OK  [0m] Started OpenBSD Secure Shell server.
[[0;32m  OK  [0m] Reached target Multi-User System.
[[0;32m  OK  [0m] Reached target Graphical Interface.
         Starting Update UTMP about System Runlevel Changes...
[[0;32m  OK  [0m] Created slice User Slice of ubuntu.
[[0;32m  OK  [0m] Started Update UTMP about System Runlevel Changes.
[[0;32m  OK  [0m] Started Session 1 of user ubuntu.
[   59.864364] cloud-init[1203]: Cloud-init v. 0.7.8 running 'modules:config' at Sun, 26 Feb 2017 16:47:17 +0000. Up 57.68 seconds.
         Starting User Manager for UID 1000...
[[0;32m  OK  [0m] Started User Manager for UID 1000.
[[0;32m  OK  [0m] Started Apply the settings specified in cloud-config.
         Starting Execute cloud user/final scripts...
ci-info: no authorized ssh keys fingerprints found for user ubuntu.
<14>Feb 26 16:47:20 ec2: 
<14>Feb 26 16:47:20 ec2: #############################################################
<14>Feb 26 16:47:20 ec2: -----BEGIN SSH HOST KEY FINGERPRINTS-----
<14>Feb 26 16:47:20 ec2: 1024 SHA256:hidcCmKtzWP9WP/uK+97dNUptFlUgAoMIfXbHuIemp4 root@ubuntu-xenial (DSA)
<14>Feb 26 16:47:20 ec2: 256 SHA256:jQXZNRx1ouyAC1f4Bxj9orz5JgHiAXxEXilPfUrjm1A root@ubuntu-xenial (ECDSA)
<14>Feb 26 16:47:20 ec2: 256 SHA256:W4sOdzTnVLVa15DPR5OlPdIsMDAw/8eVZ1hwTTt9VDQ root@ubuntu-xenial (ED25519)
<14>Feb 26 16:47:20 ec2: 2048 SHA256:i7UQSkz3H5vAWA1CA2Odsue1kMgVI+wZ5kerhemVD18 root@ubuntu-xenial (RSA)
<14>Feb 26 16:47:20 ec2: -----END SSH HOST KEY FINGERPRINTS-----
<14>Feb 26 16:47:20 ec2: #############################################################
-----BEGIN SSH HOST KEY KEYS-----
ecdsa-sha2-nistp256 AAAAE2VjZHNhLXNoYTItbmlzdHAyNTYAAAAIbmlzdHAyNTYAAABBBCHW9O8PVF2/jZcG/GHOFK0t6yND/EwbiqVp+0Gn71IHl1LUMPHt/iYb8nUlYyrIqb7H4qay+5vlHQv1Cbf1TJ4= root@ubuntu-xenial
ssh-ed25519 AAAAC3NzaC1lZDI1NTE5AAAAIDSWMcng9oMPngnnAHZlj0E5kTPsAKBqVKg5FPU6R7yJ root@ubuntu-xenial
ssh-rsa AAAAB3NzaC1yc2EAAAADAQABAAABAQC/owiOOjQC1qviF76+CwQAdT9noevgf6uYGMLAMPtTKuZmR011u7gGRNSOVoBTq1mNHLjcdgnjgGtuj62medxYMVvyhib/krPlhFhiFDbtSdNEbMDINfmrINhES8EseHt0VEGQmkhczYbPT4WMOrGVKR2dj6UPkjASnd2mTGPqj0Y/bhOUa9GwmZ9KhUA0qwEr6yrXaFNY8L9AI3513lDDnOcEuNkEdYsG7chcuHXofvmlr2lJSynqx/z3UQjNdz63J03pCU4vE7B6zQpLjuI3RWMz453ZVNcgGyRlaCiA8n87IyWrU71IHxzA/yIsvH+js/wl+XKm7nJ1Z0mCPD55 root@ubuntu-xenial
-----END SSH HOST KEY KEYS-----
[[0;32m  OK  [0m] Started Session 2 of user ubuntu.
[   61.392992] cloud-init[1400]: Cloud-init v. 0.7.8 running 'modules:final' at Sun, 26 Feb 2017 16:47:20 +0000. Up 60.44 seconds.
[   61.500641] cloud-init[1400]: ci-info: no authorized ssh keys fingerprints found for user ubuntu.
[   61.556678] cloud-init[1400]: Cloud-init v. 0.7.8 finished at Sun, 26 Feb 2017 16:47:21 +0000. Datasource DataSourceNoCloud [seed=/dev/sdb][dsmode=net].  Up 61.37 seconds
[[0;32m  OK  [0m] Started Execute cloud user/final scripts.
[[0;32m  OK  [0m] Reached target Cloud-init target.

Ubuntu 16.04.1 LTS ubuntu-xenial ttyS0

ubuntu-xenial login: 